Info: Using NativeLink to launch synthesis Tool
Info: Directory synplify_FAMS_work exists --if you continue the contents of the directory may be overwritten
Error: Encountered error while running Synplify synthesis tool -- can't complete design synthesis
See synplify_FAMS_work/FAMS.srr for messages generated by Synplify Synthesis
Error: Encountered error while running NativeLink synthesis script
Error: NativeLink flow failed to complete synthesis

================The following information is provided to Debug NativeLink Script=================
Nativelink TCL script failed with errorCode:  CHILDSTATUS 8916 4
Nativelink TCL script failed with errorInfo:  child process exited abnormally
    while executing
"close $pipe_id"
    invoked from within
"if [catch {close $pipe_id} errstream ] {
		set savedCode $errorCode
		set savedInfo $errorInfo
		if { [regexp {CHILDSTATUS (.*) [1-9]} $savedCode]} {
..."
    (procedure "launch_synplify" line 168)
    invoked from within
"launch_synplify synplify "
PATH Environment Variable is set to :  d:\intelfpga\18.1\quartus\bin64\;d:\intelfpga\18.1\quartus\bin64\;C:\Program Files (x86)\Common Files\Oracle\Java\javapath;C:\Windows\system32;C:\Windows;C:\Windows\System32\Wbem;C:\Windows\System32\WindowsPowerShell\v1.0\;C:\Windows\System32\OpenSSH\;D:\MATLAB\R2018b\runtime\win64;D:\MATLAB\R2018b\bin;C:\Users\Verdvana\AppData\Local\Microsoft\WindowsApps;D:\intelFPGA\18.1\modelsim_ase\win32aloem;D:\Microsoft VS Code\bin;D:\MinGW\bin;
